# JRE version: Java(TM) SE Runtime Environment (21.0.5+9) (build 21.0.5+9-LTS-239)
# Java VM: Java HotSpot(TM) 64-Bit Server VM (21.0.5+9-LTS-239, mixed mode, sharing, tiered, compressed oops, compressed class ptrs, g1 gc, windows-amd64)
GC Precious Log:
 CardTable entry size: 512
 Card Set container configuration: InlinePtr #cards 5 size 8 Array Of Cards #cards 12 size 40 Howl #buckets 4 coarsen threshold 1843 Howl Bitmap #cards 512 size 80 coarsen threshold 460 Card regions per heap region 1 cards per card region 2048
 CPUs: 4 total, 4 available
 Memory: 3852M
 Large Page Support: Disabled
 NUMA Support: Disabled
 Compressed Oops: Enabled (32-bit)
 Heap Region Size: 1M
 Heap Min Capacity: 256M
 Heap Initial Capacity: 256M
 Heap Max Capacity: 512M
 Pre-touch: Disabled
 Parallel Workers: 4
 Concurrent Workers: 1
 Concurrent Refinement Workers: 4
 Periodic GC: Disabled
Heap:
 garbage-first heap   total 406528K, used 141365K [0x00000000e0000000, 0x0000000100000000)
  region size 1024K, 16 young (16384K), 1 survivors (1024K)
 Metaspace       used 97589K, committed 104128K, reserved 458752K
  class space    used 12728K, committed 15232K, reserved 327680K
GC Heap History (20 events):
Event: 72446.390 GC heap before
{Heap before GC invocations=33 (full 0):
 garbage-first heap   total 290816K, used 254801K [0x00000000e0000000, 0x0000000100000000)
  region size 1024K, 88 young (90112K), 2 survivors (2048K)
 Metaspace       used 104549K, committed 109056K, reserved 458752K
  class space    used 13737K, committed 15680K, reserved 327680K
}
Event: 72448.656 GC heap after
{Heap after GC invocations=34 (full 0):
 garbage-first heap   total 290816K, used 166671K [0x00000000e0000000, 0x0000000100000000)
  region size 1024K, 2 young (2048K), 2 survivors (2048K)
 Metaspace       used 104549K, committed 109056K, reserved 458752K
  class space    used 13737K, committed 15680K, reserved 327680K
}
Event: 72452.559 GC heap before
{Heap before GC invocations=34 (full 0):
 garbage-first heap   total 290816K, used 268047K [0x00000000e0000000, 0x0000000100000000)
  region size 1024K, 101 young (103424K), 2 survivors (2048K)
 Metaspace       used 104549K, committed 109056K, reserved 458752K
  class space    used 13737K, committed 15680K, reserved 327680K
}
Event: 72452.724 GC heap after
{Heap after GC invocations=35 (full 0):
 garbage-first heap   total 290816K, used 166520K [0x00000000e0000000, 0x0000000100000000)
  region size 1024K, 2 young (2048K), 2 survivors (2048K)
 Metaspace       used 104549K, committed 109056K, reserved 458752K
  class space    used 13737K, committed 15680K, reserved 327680K
}
Event: 72453.074 GC heap before
{Heap before GC invocations=35 (full 0):
 garbage-first heap   total 290816K, used 187000K [0x00000000e0000000, 0x0000000100000000)
  region size 1024K, 22 young (22528K), 2 survivors (2048K)
 Metaspace       used 104549K, committed 109056K, reserved 458752K
  class space    used 13737K, committed 15680K, reserved 327680K
}
Event: 72453.109 GC heap after
{Heap after GC invocations=36 (full 0):
 garbage-first heap   total 290816K, used 166514K [0x00000000e0000000, 0x0000000100000000)
  region size 1024K, 1 young (1024K), 1 survivors (1024K)
 Metaspace       used 104549K, committed 109056K, reserved 458752K
  class space    used 13737K, committed 15680K, reserved 327680K
}
Event: 72453.722 GC heap before
{Heap before GC invocations=36 (full 0):
 garbage-first heap   total 290816K, used 236146K [0x00000000e0000000, 0x0000000100000000)
  region size 1024K, 70 young (71680K), 1 survivors (1024K)
 Metaspace       used 104549K, committed 109056K, reserved 458752K
  class space    used 13737K, committed 15680K, reserved 327680K
}
Event: 72453.734 GC heap after
{Heap after GC invocations=37 (full 0):
 garbage-first heap   total 290816K, used 166507K [0x00000000e0000000, 0x0000000100000000)
  region size 1024K, 1 young (1024K), 1 survivors (1024K)
 Metaspace       used 104549K, committed 109056K, reserved 458752K
  class space    used 13737K, committed 15680K, reserved 327680K
}
Event: 72455.292 GC heap before
{Heap before GC invocations=37 (full 0):
 garbage-first heap   total 290816K, used 270955K [0x00000000e0000000, 0x0000000100000000)
  region size 1024K, 103 young (105472K), 1 survivors (1024K)
 Metaspace       used 104549K, committed 109056K, reserved 458752K
  class space    used 13737K, committed 15680K, reserved 327680K
}
Event: 72455.320 GC heap after
{Heap after GC invocations=38 (full 0):
 garbage-first heap   total 290816K, used 166449K [0x00000000e0000000, 0x0000000100000000)
  region size 1024K, 1 young (1024K), 1 survivors (1024K)
 Metaspace       used 104549K, committed 109056K, reserved 458752K
  class space    used 13737K, committed 15680K, reserved 327680K
}
Event: 72456.270 GC heap before
{Heap before GC invocations=38 (full 0):
 garbage-first heap   total 290816K, used 273969K [0x00000000e0000000, 0x0000000100000000)
  region size 1024K, 106 young (108544K), 1 survivors (1024K)
 Metaspace       used 104549K, committed 109056K, reserved 458752K
  class space    used 13737K, committed 15680K, reserved 327680K
}
Event: 72456.317 GC heap after
{Heap after GC invocations=39 (full 0):
 garbage-first heap   total 290816K, used 166436K [0x00000000e0000000, 0x0000000100000000)
  region size 1024K, 1 young (1024K), 1 survivors (1024K)
 Metaspace       used 104549K, committed 109056K, reserved 458752K
  class space    used 13737K, committed 15680K, reserved 327680K
}
Event: 72456.978 GC heap before
{Heap before GC invocations=39 (full 0):
 garbage-first heap   total 290816K, used 273956K [0x00000000e0000000, 0x0000000100000000)
  region size 1024K, 106 young (108544K), 1 survivors (1024K)
 Metaspace       used 104549K, committed 109056K, reserved 458752K
  class space    used 13737K, committed 15680K, reserved 327680K
}
Event: 72456.982 GC heap after
{Heap after GC invocations=40 (full 0):
 garbage-first heap   total 290816K, used 166488K [0x00000000e0000000, 0x0000000100000000)
  region size 1024K, 1 young (1024K), 1 survivors (1024K)
 Metaspace       used 104549K, committed 109056K, reserved 458752K
  class space    used 13737K, committed 15680K, reserved 327680K
}
Event: 72541.189 GC heap before
{Heap before GC invocations=40 (full 0):
 garbage-first heap   total 406528K, used 264792K [0x00000000e0000000, 0x0000000100000000)
  region size 1024K, 100 young (102400K), 1 survivors (1024K)
 Metaspace       used 97589K, committed 104128K, reserved 458752K
  class space    used 12728K, committed 15232K, reserved 327680K
}
Event: 72542.162 GC heap after
{Heap after GC invocations=41 (full 0):
 garbage-first heap   total 406528K, used 127081K [0x00000000e0000000, 0x0000000100000000)
  region size 1024K, 1 young (1024K), 1 survivors (1024K)
 Metaspace       used 97589K, committed 104128K, reserved 458752K
  class space    used 12728K, committed 15232K, reserved 327680K
}
Event: 72546.843 GC heap before
{Heap before GC invocations=41 (full 0):
 garbage-first heap   total 406528K, used 145513K [0x00000000e0000000, 0x0000000100000000)
  region size 1024K, 19 young (19456K), 1 survivors (1024K)
 Metaspace       used 97589K, committed 104128K, reserved 458752K
  class space    used 12728K, committed 15232K, reserved 327680K
}
Event: 72547.033 GC heap after
{Heap after GC invocations=42 (full 0):
 garbage-first heap   total 406528K, used 127044K [0x00000000e0000000, 0x0000000100000000)
  region size 1024K, 1 young (1024K), 1 survivors (1024K)
 Metaspace       used 97589K, committed 104128K, reserved 458752K
  class space    used 12728K, committed 15232K, reserved 327680K
}
Event: 72550.504 GC heap before
{Heap before GC invocations=42 (full 0):
 garbage-first heap   total 406528K, used 145476K [0x00000000e0000000, 0x0000000100000000)
  region size 1024K, 19 young (19456K), 1 survivors (1024K)
 Metaspace       used 97589K, committed 104128K, reserved 458752K
  class space    used 12728K, committed 15232K, reserved 327680K
}
Event: 72550.538 GC heap after
{Heap after GC invocations=43 (full 0):
 garbage-first heap   total 406528K, used 127029K [0x00000000e0000000, 0x0000000100000000)
  region size 1024K, 1 young (1024K), 1 survivors (1024K)
 Metaspace       used 97589K, committed 104128K, reserved 458752K
  class space    used 12728K, committed 15232K, reserved 327680K
}

